<?xml version="1.0" encoding="UTF-8"?>
<!-- Generated by org.testng.reporters.JUnitReportReporter -->
<testsuite hostname="IRIS-CSG-1177" failures="0" tests="1" name="MavenGroupID.MavenArtifactID.APITest" time="0.018" errors="0" timestamp="2021-05-31T02:36:18 IST" skipped="0">
  <testcase classname="MavenGroupID.MavenArtifactID.APITest" name="almTest" time="0.018"/>
  <system-out/>
</testsuite> <!-- MavenGroupID.MavenArtifactID.APITest -->
