<?xml version="1.0" encoding="UTF-8"?>
<!-- Generated by org.testng.reporters.JUnitReportReporter -->
<testsuite hostname="IRIS-CSG-1177" failures="0" tests="1" name="MavenGroupID.MavenArtifactID.SelTest" time="0.008" errors="0" timestamp="2021-05-31T02:11:26 IST" skipped="0">
  <testcase classname="MavenGroupID.MavenArtifactID.SelTest" name="seleniumTest" time="0.008"/>
  <system-out/>
</testsuite> <!-- MavenGroupID.MavenArtifactID.SelTest -->
